2022/01/01 18:04:01 [notice] 1#1: using the "epoll" event method
2022/01/01 18:04:01 [notice] 1#1: nginx/1.21.5
2022/01/01 18:04:01 [notice] 1#1: built by gcc 10.2.1 20210110 (Debian 10.2.1-6) 
2022/01/01 18:04:01 [notice] 1#1: OS: Linux 5.10.25-linuxkit
2022/01/01 18:04:01 [notice] 1#1: getrlimit(RLIMIT_NOFILE): 1048576:1048576
2022/01/01 18:04:01 [notice] 1#1: start worker processes
2022/01/01 18:04:01 [notice] 1#1: start worker process 22
2022/01/01 18:04:01 [notice] 1#1: start worker process 23
2022/01/01 18:07:00 [notice] 1#1: signal 3 (SIGQUIT) received, shutting down
2022/01/01 18:07:00 [notice] 22#22: gracefully shutting down
2022/01/01 18:07:00 [notice] 22#22: exiting
2022/01/01 18:07:00 [notice] 23#23: gracefully shutting down
2022/01/01 18:07:00 [notice] 23#23: exiting
2022/01/01 18:07:00 [notice] 22#22: exit
2022/01/01 18:07:00 [notice] 23#23: exit
2022/01/01 18:07:00 [notice] 1#1: signal 17 (SIGCHLD) received from 22
2022/01/01 18:07:00 [notice] 1#1: worker process 22 exited with code 0
2022/01/01 18:07:00 [notice] 1#1: signal 29 (SIGIO) received
2022/01/01 18:07:00 [notice] 1#1: signal 17 (SIGCHLD) received from 23
2022/01/01 18:07:00 [notice] 1#1: worker process 23 exited with code 0
2022/01/01 18:07:00 [notice] 1#1: exit
2022/01/01 18:07:10 [notice] 1#1: using the "epoll" event method
2022/01/01 18:07:10 [notice] 1#1: nginx/1.21.5
2022/01/01 18:07:10 [notice] 1#1: built by gcc 10.2.1 20210110 (Debian 10.2.1-6) 
2022/01/01 18:07:10 [notice] 1#1: OS: Linux 5.10.25-linuxkit
2022/01/01 18:07:10 [notice] 1#1: getrlimit(RLIMIT_NOFILE): 1048576:1048576
2022/01/01 18:07:10 [notice] 1#1: start worker processes
2022/01/01 18:07:10 [notice] 1#1: start worker process 22
2022/01/01 18:07:10 [notice] 1#1: start worker process 23
2022/01/01 18:09:27 [notice] 1#1: signal 3 (SIGQUIT) received, shutting down
2022/01/01 18:09:27 [notice] 22#22: gracefully shutting down
2022/01/01 18:09:27 [notice] 22#22: exiting
2022/01/01 18:09:27 [notice] 23#23: gracefully shutting down
2022/01/01 18:09:27 [notice] 22#22: exit
2022/01/01 18:09:27 [notice] 23#23: exiting
2022/01/01 18:09:27 [notice] 23#23: exit
2022/01/01 18:09:27 [notice] 1#1: signal 17 (SIGCHLD) received from 22
2022/01/01 18:09:27 [notice] 1#1: worker process 22 exited with code 0
2022/01/01 18:09:27 [notice] 1#1: signal 29 (SIGIO) received
2022/01/01 18:09:27 [notice] 1#1: signal 17 (SIGCHLD) received from 23
2022/01/01 18:09:27 [notice] 1#1: worker process 23 exited with code 0
2022/01/01 18:09:27 [notice] 1#1: exit
2022/01/01 18:09:35 [notice] 1#1: using the "epoll" event method
2022/01/01 18:09:35 [notice] 1#1: nginx/1.21.5
2022/01/01 18:09:35 [notice] 1#1: built by gcc 10.2.1 20210110 (Debian 10.2.1-6) 
2022/01/01 18:09:35 [notice] 1#1: OS: Linux 5.10.25-linuxkit
2022/01/01 18:09:35 [notice] 1#1: getrlimit(RLIMIT_NOFILE): 1048576:1048576
2022/01/01 18:09:35 [notice] 1#1: start worker processes
2022/01/01 18:09:35 [notice] 1#1: start worker process 30
2022/01/01 18:09:35 [notice] 1#1: start worker process 31
2022/01/01 18:43:29 [notice] 1#1: signal 3 (SIGQUIT) received, shutting down
2022/01/01 18:43:29 [notice] 30#30: gracefully shutting down
2022/01/01 18:43:29 [notice] 30#30: exiting
2022/01/01 18:43:29 [notice] 31#31: gracefully shutting down
2022/01/01 18:43:29 [notice] 31#31: exiting
2022/01/01 18:43:29 [notice] 30#30: exit
2022/01/01 18:43:29 [notice] 31#31: exit
2022/01/01 18:43:30 [notice] 1#1: signal 17 (SIGCHLD) received from 30
2022/01/01 18:43:30 [notice] 1#1: worker process 30 exited with code 0
2022/01/01 18:43:30 [notice] 1#1: signal 29 (SIGIO) received
2022/01/01 18:43:30 [notice] 1#1: signal 17 (SIGCHLD) received from 31
2022/01/01 18:43:30 [notice] 1#1: worker process 31 exited with code 0
2022/01/01 18:43:30 [notice] 1#1: exit
2022/01/01 18:43:38 [notice] 1#1: using the "epoll" event method
2022/01/01 18:43:38 [notice] 1#1: nginx/1.21.5
2022/01/01 18:43:38 [notice] 1#1: built by gcc 10.2.1 20210110 (Debian 10.2.1-6) 
2022/01/01 18:43:38 [notice] 1#1: OS: Linux 5.10.25-linuxkit
2022/01/01 18:43:38 [notice] 1#1: getrlimit(RLIMIT_NOFILE): 1048576:1048576
2022/01/01 18:43:38 [notice] 1#1: start worker processes
2022/01/01 18:43:38 [notice] 1#1: start worker process 30
2022/01/01 18:43:38 [notice] 1#1: start worker process 31
2022/01/01 18:46:32 [notice] 1#1: signal 3 (SIGQUIT) received, shutting down
2022/01/01 18:46:32 [notice] 30#30: gracefully shutting down
2022/01/01 18:46:32 [notice] 30#30: exiting
2022/01/01 18:46:32 [notice] 31#31: gracefully shutting down
2022/01/01 18:46:32 [notice] 31#31: exiting
2022/01/01 18:46:32 [notice] 30#30: exit
2022/01/01 18:46:32 [notice] 31#31: exit
2022/01/01 18:46:32 [notice] 1#1: signal 17 (SIGCHLD) received from 30
2022/01/01 18:46:32 [notice] 1#1: worker process 30 exited with code 0
2022/01/01 18:46:32 [notice] 1#1: signal 29 (SIGIO) received
2022/01/01 18:46:32 [notice] 1#1: signal 17 (SIGCHLD) received from 31
2022/01/01 18:46:32 [notice] 1#1: worker process 31 exited with code 0
2022/01/01 18:46:32 [notice] 1#1: exit
2022/01/01 18:46:42 [notice] 1#1: using the "epoll" event method
2022/01/01 18:46:42 [notice] 1#1: nginx/1.21.5
2022/01/01 18:46:42 [notice] 1#1: built by gcc 10.2.1 20210110 (Debian 10.2.1-6) 
2022/01/01 18:46:42 [notice] 1#1: OS: Linux 5.10.25-linuxkit
2022/01/01 18:46:42 [notice] 1#1: getrlimit(RLIMIT_NOFILE): 1048576:1048576
2022/01/01 18:46:42 [notice] 1#1: start worker processes
2022/01/01 18:46:42 [notice] 1#1: start worker process 32
2022/01/01 18:46:42 [notice] 1#1: start worker process 33
2022/01/01 18:49:58 [notice] 1#1: signal 3 (SIGQUIT) received, shutting down
2022/01/01 18:49:58 [notice] 33#33: gracefully shutting down
2022/01/01 18:49:58 [notice] 33#33: exiting
2022/01/01 18:49:58 [notice] 32#32: gracefully shutting down
2022/01/01 18:49:58 [notice] 33#33: exit
2022/01/01 18:49:58 [notice] 32#32: exiting
2022/01/01 18:49:58 [notice] 32#32: exit
2022/01/01 18:49:59 [notice] 1#1: signal 17 (SIGCHLD) received from 33
2022/01/01 18:49:59 [notice] 1#1: worker process 33 exited with code 0
2022/01/01 18:49:59 [notice] 1#1: worker process 32 exited with code 0
2022/01/01 18:49:59 [notice] 1#1: exit
2022/01/01 18:50:08 [notice] 1#1: using the "epoll" event method
2022/01/01 18:50:08 [notice] 1#1: nginx/1.21.5
2022/01/01 18:50:08 [notice] 1#1: built by gcc 10.2.1 20210110 (Debian 10.2.1-6) 
2022/01/01 18:50:08 [notice] 1#1: OS: Linux 5.10.25-linuxkit
2022/01/01 18:50:08 [notice] 1#1: getrlimit(RLIMIT_NOFILE): 1048576:1048576
2022/01/01 18:50:08 [notice] 1#1: start worker processes
2022/01/01 18:50:08 [notice] 1#1: start worker process 32
2022/01/01 18:50:08 [notice] 1#1: start worker process 33
2022/01/01 18:51:50 [notice] 1#1: signal 3 (SIGQUIT) received, shutting down
2022/01/01 18:51:50 [notice] 32#32: gracefully shutting down
2022/01/01 18:51:50 [notice] 32#32: exiting
2022/01/01 18:51:50 [notice] 33#33: gracefully shutting down
2022/01/01 18:51:50 [notice] 33#33: exiting
2022/01/01 18:51:50 [notice] 32#32: exit
2022/01/01 18:51:50 [notice] 33#33: exit
2022/01/01 18:51:50 [notice] 1#1: signal 17 (SIGCHLD) received from 32
2022/01/01 18:51:50 [notice] 1#1: worker process 32 exited with code 0
2022/01/01 18:51:50 [notice] 1#1: signal 29 (SIGIO) received
2022/01/01 18:51:50 [notice] 1#1: signal 17 (SIGCHLD) received from 33
2022/01/01 18:51:50 [notice] 1#1: worker process 33 exited with code 0
2022/01/01 18:51:50 [notice] 1#1: exit
2022/01/01 18:51:57 [notice] 1#1: using the "epoll" event method
2022/01/01 18:51:57 [notice] 1#1: nginx/1.21.5
2022/01/01 18:51:57 [notice] 1#1: built by gcc 10.2.1 20210110 (Debian 10.2.1-6) 
2022/01/01 18:51:57 [notice] 1#1: OS: Linux 5.10.25-linuxkit
2022/01/01 18:51:57 [notice] 1#1: getrlimit(RLIMIT_NOFILE): 1048576:1048576
2022/01/01 18:51:57 [notice] 1#1: start worker processes
2022/01/01 18:51:57 [notice] 1#1: start worker process 30
2022/01/01 18:51:57 [notice] 1#1: start worker process 31
2022/01/01 18:52:59 [notice] 1#1: signal 3 (SIGQUIT) received, shutting down
2022/01/01 18:52:59 [notice] 31#31: gracefully shutting down
2022/01/01 18:52:59 [notice] 30#30: gracefully shutting down
2022/01/01 18:52:59 [notice] 31#31: exiting
2022/01/01 18:52:59 [notice] 31#31: exit
2022/01/01 18:52:59 [notice] 1#1: signal 17 (SIGCHLD) received from 31
2022/01/01 18:52:59 [notice] 1#1: worker process 31 exited with code 0
2022/01/01 18:52:59 [notice] 1#1: signal 29 (SIGIO) received
2022/01/01 18:53:01 [notice] 30#30: exiting
2022/01/01 18:53:01 [notice] 30#30: exit
2022/01/01 18:53:01 [notice] 1#1: signal 17 (SIGCHLD) received from 30
2022/01/01 18:53:01 [notice] 1#1: worker process 30 exited with code 0
2022/01/01 18:53:01 [notice] 1#1: exit
2022/01/01 18:53:12 [notice] 1#1: using the "epoll" event method
2022/01/01 18:53:12 [notice] 1#1: nginx/1.21.5
2022/01/01 18:53:12 [notice] 1#1: built by gcc 10.2.1 20210110 (Debian 10.2.1-6) 
2022/01/01 18:53:12 [notice] 1#1: OS: Linux 5.10.25-linuxkit
2022/01/01 18:53:12 [notice] 1#1: getrlimit(RLIMIT_NOFILE): 1048576:1048576
2022/01/01 18:53:12 [notice] 1#1: start worker processes
2022/01/01 18:53:12 [notice] 1#1: start worker process 31
2022/01/01 18:53:12 [notice] 1#1: start worker process 32
2022/01/01 18:53:38 [notice] 1#1: signal 3 (SIGQUIT) received, shutting down
2022/01/01 18:53:38 [notice] 32#32: gracefully shutting down
2022/01/01 18:53:38 [notice] 31#31: gracefully shutting down
2022/01/01 18:53:38 [notice] 32#32: exiting
2022/01/01 18:53:38 [notice] 32#32: exit
2022/01/01 18:53:38 [notice] 1#1: signal 17 (SIGCHLD) received from 32
2022/01/01 18:53:38 [notice] 1#1: worker process 32 exited with code 0
2022/01/01 18:53:38 [notice] 1#1: signal 29 (SIGIO) received
2022/01/01 18:53:57 [notice] 1#1: using the "epoll" event method
2022/01/01 18:53:57 [notice] 1#1: nginx/1.21.5
2022/01/01 18:53:57 [notice] 1#1: built by gcc 10.2.1 20210110 (Debian 10.2.1-6) 
2022/01/01 18:53:57 [notice] 1#1: OS: Linux 5.10.25-linuxkit
2022/01/01 18:53:57 [notice] 1#1: getrlimit(RLIMIT_NOFILE): 1048576:1048576
2022/01/01 18:53:57 [notice] 1#1: start worker processes
2022/01/01 18:53:57 [notice] 1#1: start worker process 31
2022/01/01 18:53:57 [notice] 1#1: start worker process 32
